#
# There is insufficient memory for the Java Runtime Environment to continue.
# Native memory allocation (malloc) failed to allocate 132976 bytes for Chunk::new
# Possible reasons:
#   The system is out of physical RAM or swap space
#   The process is running with CompressedOops enabled, and the Java Heap may be blocking the growth of the native heap
# Possible solutions:
#   Reduce memory load on the system
#   Increase physical memory or swap space
#   Check if swap backing store is full
#   Decrease Java heap size (-Xmx/-Xms)
#   Decrease number of Java threads
#   Decrease Java thread stack sizes (-Xss)
#   Set larger code cache with -XX:ReservedCodeCacheSize=
#   JVM is running with Zero Based Compressed Oops mode in which the Java heap is
#     placed in the first 32GB address space. The Java Heap base address is the
#     maximum limit for the native heap growth. Please use -XX:HeapBaseMinAddress
#     to set the Java Heap base and to place the Java Heap above 32GB virtual address.
# This output file may be truncated or incomplete.
#
#  Out of Memory Error (allocation.cpp:389), pid=13268, tid=0x0000000000006b60
#
# JRE version: OpenJDK Runtime Environment (8.0_272-b10) (build 1.8.0_272-b10)
# Java VM: OpenJDK 64-Bit Server VM (25.272-b10 mixed mode windows-amd64 compressed oops)
# Failed to write core dump. Minidumps are not enabled by default on client versions of Windows
#

---------------  T H R E A D  ---------------

Current thread (0x000001617e6ad000):  JavaThread "C2 CompilerThread1" daemon [_thread_in_native, id=27488, stack(0x000000614da00000,0x000000614db00000)]

Stack: [0x000000614da00000,0x000000614db00000]
[error occurred during error reporting (printing stack bounds), id 0xc0000005]

Native frames: (J=compiled Java code, j=interpreted, Vv=VM code, C=native code)


Current CompileTask:
C2:    369  567       4       sun.security.provider.SHA2::implCompress (13 bytes)


---------------  P R O C E S S  ---------------

Java Threads: ( => current thread )
  0x000001617f863800 JavaThread "ReaderThread" [_thread_in_native, id=7640, stack(0x000000614de00000,0x000000614df00000)]
  0x000001617e71f000 JavaThread "Service Thread" daemon [_thread_blocked, id=9048, stack(0x000000614dc00000,0x000000614dd00000)]
  0x000001617e6cd800 JavaThread "C1 CompilerThread2" daemon [_thread_in_native, id=24636, stack(0x000000614db00000,0x000000614dc00000)]
=>0x000001617e6ad000 JavaThread "C2 CompilerThread1" daemon [_thread_in_native, id=27488, stack(0x000000614da00000,0x000000614db00000)]
  0x000001617e6a8800 JavaThread "C2 CompilerThread0" daemon [_thread_in_native, id=6284, stack(0x000000614d900000,0x000000614da00000)]
  0x000001617e6a0800 JavaThread "Attach Listener" daemon [_thread_blocked, id=19164, stack(0x000000614d800000,0x000000614d900000)]
  0x000001617e69f800 JavaThread "Signal Dispatcher" daemon [_thread_blocked, id=15120, stack(0x000000614d700000,0x000000614d800000)]
  0x000001617df4c000 JavaThread "Finalizer" daemon [_thread_blocked, id=22308, stack(0x000000614d600000,0x000000614d700000)]
  0x000001617df42800 JavaThread "Reference Handler" daemon [_thread_blocked, id=14776, stack(0x000000614d500000,0x000000614d600000)]
  0x000001616344c000 JavaThread "main" [_thread_in_vm, id=14492, stack(0x000000614cf00000,0x000000614d000000)]

Other Threads:
  0x000001617e652000 VMThread [stack: 0x000000614d400000,0x000000614d500000] [id=12432]
  0x000001617e72c000 WatcherThread [stack: 0x000000614dd00000,0x000000614de00000] [id=24128]

VM state:not at safepoint (normal execution)

VM Mutex/Monitor currently owned by a thread:  ([mutex/lock_event])
[0x000001616344af90] AdapterHandlerLibrary_lock - owner thread: 0x000001616344c000

heap address: 0x00000006c1a00000, size: 4070 MB, Compressed Oops mode: Zero based, Oop shift amount: 3
Narrow klass base: 0x0000000000000000, Narrow klass shift: 3
Compressed class space size: 1073741824 Address: 0x00000007c0000000

Heap:
 PSYoungGen      total 76288K, used 14426K [0x000000076b380000, 0x0000000770880000, 0x00000007c0000000)
  eden space 65536K, 22% used [0x000000076b380000,0x000000076c196b70,0x000000076f380000)
  from space 10752K, 0% used [0x000000076fe00000,0x000000076fe00000,0x0000000770880000)
  to   space 10752K, 0% used [0x000000076f380000,0x000000076f380000,0x000000076fe00000)
 ParOldGen       total 175104K, used 0K [0x00000006c1a00000, 0x00000006cc500000, 0x000000076b380000)
  object space 175104K, 0% used [0x00000006c1a00000,0x00000006c1a00000,0x00000006cc500000)
 Metaspace       used 6685K, capacity 6906K, committed 7040K, reserved 1056768K
  class space    used 738K, capacity 807K, committed 896K, reserved 1048576K

Card table byte_map: [0x00000161741d0000,0x00000161749d0000] byte_map_base: 0x0000016170bc3000

Marking Bits: (ParMarkBitMap*) 0x0000000052f897c0
 Begin Bits: [0x0000016174f20000, 0x0000016178eb8000)
 End Bits:   [0x0000016178eb8000, 0x000001617ce50000)

Polling page: 0x0000016163530000

CodeCache: size=245760Kb used=2318Kb max_used=2323Kb free=243441Kb
 bounds [0x0000016164e10000, 0x0000016165080000, 0x0000016173e10000]
 total_blobs=862 nmethods=567 adapters=208
 compilation: enabled

Compilation events (10 events):
Event: 0.359 Thread 0x000001617e6cd800  561       3       java.nio.DirectLongBufferU::get (16 bytes)
Event: 0.359 Thread 0x000001617e6cd800 nmethod 561 0x0000016165051d90 code [0x0000016165051f00, 0x0000016165052178]
Event: 0.359 Thread 0x000001617e6cd800  563       3       java.nio.DirectLongBufferU::put (18 bytes)
Event: 0.359 Thread 0x000001617e6cd800 nmethod 563 0x0000016165052290 code [0x0000016165052400, 0x0000016165052678]
Event: 0.360 Thread 0x000001617e6ad000 nmethod 559 0x0000016165055650 code [0x00000161650557a0, 0x00000161650559f8]
Event: 0.361 Thread 0x000001617e6cd800  564       3       java.util.zip.ZipFile::access$400 (5 bytes)
Event: 0.361 Thread 0x000001617e6cd800 nmethod 564 0x0000016165055310 code [0x0000016165055460, 0x0000016165055598]
Event: 0.365 Thread 0x000001617e6cd800  566       3       java.lang.Class::arrayContentsEq (70 bytes)
Event: 0.365 Thread 0x000001617e6ad000  567       4       sun.security.provider.SHA2::implCompress (13 bytes)
Event: 0.365 Thread 0x000001617e6cd800 nmethod 566 0x00000161650547d0 code [0x0000016165054960, 0x0000016165054db8]

GC Heap History (0 events):
No events

Deoptimization events (0 events):
No events

Classes redefined (0 events):
No events

Internal exceptions (8 events):
Event: 0.041 Thread 0x000001616344c000 Exception <a 'java/lang/NoSuchMethodError': Method sun.misc.Unsafe.defineClass(Ljava/lang/String;[BII)Ljava/lang/Class; name or signature does not match> (0x000000076b387cc0) thrown at [J:\jenkins\tmp\workspace\build\src\hotspot\src\share\vm\prims\jni.cpp
Event: 0.041 Thread 0x000001616344c000 Exception <a 'java/lang/NoSuchMethodError': Method sun.misc.Unsafe.prefetchRead(Ljava/lang/Object;J)V name or signature does not match> (0x000000076b387fa8) thrown at [J:\jenkins\tmp\workspace\build\src\hotspot\src\share\vm\prims\jni.cpp, line 4014]
Event: 0.274 Thread 0x000001616344c000 Exception <a 'java/lang/NoSuchFieldError': method resolution failed> (0x000000076ba78bf8) thrown at [J:\jenkins\tmp\workspace\build\src\hotspot\src\share\vm\prims\methodHandles.cpp, line 1169]
Event: 0.276 Thread 0x000001616344c000 Exception <a 'java/lang/NoSuchFieldError': method resolution failed> (0x000000076ba86398) thrown at [J:\jenkins\tmp\workspace\build\src\hotspot\src\share\vm\prims\methodHandles.cpp, line 1169]
Event: 0.297 Thread 0x000001616344c000 Exception <a 'java/security/PrivilegedActionException'> (0x000000076bb1da18) thrown at [J:\jenkins\tmp\workspace\build\src\hotspot\src\share\vm\prims\jvm.cpp, line 1523]
Event: 0.297 Thread 0x000001616344c000 Exception <a 'java/security/PrivilegedActionException'> (0x000000076bb1de10) thrown at [J:\jenkins\tmp\workspace\build\src\hotspot\src\share\vm\prims\jvm.cpp, line 1523]
Event: 0.298 Thread 0x000001616344c000 Exception <a 'java/security/PrivilegedActionException'> (0x000000076bb22d58) thrown at [J:\jenkins\tmp\workspace\build\src\hotspot\src\share\vm\prims\jvm.cpp, line 1523]
Event: 0.298 Thread 0x000001616344c000 Exception <a 'java/security/PrivilegedActionException'> (0x000000076bb23150) thrown at [J:\jenkins\tmp\workspace\build\src\hotspot\src\share\vm\prims\jvm.cpp, line 1523]

Events (10 events):
Event: 0.364 loading class java/util/regex/Pattern$Ctype
Event: 0.365 loading class java/util/regex/Pattern$Ctype done
Event: 0.365 loading class java/util/Optional
Event: 0.365 loading class java/util/Optional done
Event: 0.365 loading class org/junit/platform/launcher/LauncherDiscoveryListener
Event: 0.365 loading class org/junit/platform/launcher/LauncherDiscoveryListener done
Event: 0.365 loading class org/junit/platform/launcher/LauncherDiscoveryListener
Event: 0.365 loading class org/junit/platform/launcher/LauncherDiscoveryListener done
Event: 0.365 loading class org/junit/platform/engine/EngineDiscoveryListener
Event: 0.365 loading class org/junit/platform/engine/EngineDiscoveryListener done


Dynamic libraries:
0x00007ff62f090000 - 0x00007ff62f0ca000 	C:\Daten\Daten Privat\Programmierung\GIT\kurs1618\jdk1.8\bin\javaw.exe
0x00007ffe8d690000 - 0x00007ffe8d886000 	C:\WINDOWS\SYSTEM32\ntdll.dll
0x00007ffe8c110000 - 0x00007ffe8c1cd000 	C:\WINDOWS\System32\KERNEL32.DLL
0x00007ffe8b2d0000 - 0x00007ffe8b598000 	C:\WINDOWS\System32\KERNELBASE.dll
0x00007ffe8d520000 - 0x00007ffe8d5ca000 	C:\Daten\Daten Privat\Programmierung\GIT\kurs1618\jdk1.8\bin\javaw.exe
0x00007ffe8bfc0000 - 0x00007ffe8c05e000 	C:\WINDOWS\System32\msvcrt.dll
0x00007ffe8c1e0000 - 0x00007ffe8c27b000 	C:\WINDOWS\System32\sechost.dll
0x00007ffe8cb90000 - 0x00007ffe8ccb4000 	C:\WINDOWS\System32\sechost.dll
0x00007ffe8c2f0000 - 0x00007ffe8c490000 	C:\WINDOWS\System32\USER32.dll
0x00007ffe8ade0000 - 0x00007ffe8ae02000 	C:\WINDOWS\System32\win32u.dll
0x00007ffe8b710000 - 0x00007ffe8b73a000 	C:\WINDOWS\System32\GDI32.dll
0x00007ffe8b1c0000 - 0x00007ffe8b2c9000 	C:\WINDOWS\System32\gdi32full.dll
0x00007ffe8ae10000 - 0x00007ffe8aead000 	C:\WINDOWS\System32\msvcp_win.dll
0x00007ffe8b040000 - 0x00007ffe8b140000 	C:\WINDOWS\WinSxS\amd64_microsoft.windows.common-controls_6595b64144ccf1df_6.0.19041.488_none_ca04af081b815d21\COMCTL32.dll
0x00007ffe78330000 - 0x00007ffe785cb000 	C:\WINDOWS\System32\IMM32.DLL
0x00007ffe8ced0000 - 0x00007ffe8cf00000 	C:\Daten\Daten Privat\Programmierung\GIT\kurs1618\jdk1.8\jre\bin\msvcr120.dll
0x00007ffe62740000 - 0x00007ffe6282f000 	C:\Daten\Daten Privat\Programmierung\GIT\kurs1618\jdk1.8\jre\bin\msvcr120.dll
0x00007ffe61320000 - 0x00007ffe613c6000 	C:\Daten\Daten Privat\Programmierung\GIT\kurs1618\jdk1.8\jre\bin\msvcp120.dll
0x00000000527a0000 - 0x0000000053008000 	C:\Daten\Daten Privat\Programmierung\GIT\kurs1618\jdk1.8\jre\bin\server\jvm.dll
0x00007ffe8c650000 - 0x00007ffe8c658000 	C:\WINDOWS\SYSTEM32\WINMM.dll
0x00007ffe89b30000 - 0x00007ffe89b3a000 	C:\WINDOWS\SYSTEM32\WSOCK32.dll
0x00007ffe79740000 - 0x00007ffe79767000 	C:\WINDOWS\System32\WS2_32.dll
0x00007ffe70630000 - 0x00007ffe70639000 	C:\Daten\Daten Privat\Programmierung\GIT\kurs1618\jdk1.8\jre\bin\verify.dll
0x00007ffe8c280000 - 0x00007ffe8c2eb000 	C:\Daten\Daten Privat\Programmierung\GIT\kurs1618\jdk1.8\jre\bin\java.dll
0x00007ffe83e30000 - 0x00007ffe83e3f000 	C:\Daten\Daten Privat\Programmierung\GIT\kurs1618\jdk1.8\jre\bin\verify.dll
0x00007ffe78990000 - 0x00007ffe789b8000 	C:\Daten\Daten Privat\Programmierung\GIT\kurs1618\jdk1.8\jre\bin\java.dll
0x00007ffe79160000 - 0x00007ffe79176000 	C:\Daten\Daten Privat\Programmierung\GIT\kurs1618\jdk1.8\jre\bin\zip.dll
0x00007ffe8b760000 - 0x00007ffe8bea0000 	C:\WINDOWS\System32\SHELL32.dll
0x00007ffe88c60000 - 0x00007ffe893f4000 	C:\WINDOWS\SYSTEM32\windows.storage.dll
0x00007ffe8c660000 - 0x00007ffe8c9b5000 	C:\WINDOWS\System32\combase.dll
0x00007ffe8a710000 - 0x00007ffe8a73c000 	C:\WINDOWS\SYSTEM32\Wldp.dll
0x00007ffe8c060000 - 0x00007ffe8c10e000 	C:\WINDOWS\System32\SHCORE.dll
0x00007ffe8cda0000 - 0x00007ffe8cdf5000 	C:\WINDOWS\System32\shlwapi.dll
0x00007ffe8ad10000 - 0x00007ffe8ad36000 	C:\WINDOWS\SYSTEM32\profapi.dll
0x00007ffe78850000 - 0x00007ffe7886a000 	C:\Daten\Daten Privat\Programmierung\GIT\kurs1618\jdk1.8\jre\bin\net.dll
0x00007ffe8a4a0000 - 0x00007ffe8a50a000 	C:\WINDOWS\system32\mswsock.dll

VM Arguments:
jvm_args: -ea -Dfile.encoding=UTF-8 
java_command: org.eclipse.jdt.internal.junit.runner.RemoteTestRunner -version 3 -port 61376 -testLoaderClass org.eclipse.jdt.internal.junit5.runner.JUnit5TestLoader -loaderpluginname org.eclipse.jdt.junit5.runtime -classNames test.NextGenerationTest
java_class_path (initial): C:\Daten\Daten Privat\Programmierung\GIT\kurs1618\eclipse\plugins\org.junit.jupiter.api_5.6.0.v20200203-2009.jar;C:\Daten\Daten Privat\Programmierung\GIT\kurs1618\eclipse\plugins\org.junit.jupiter.engine_5.6.0.v20200203-2009.jar;C:\Daten\Daten Privat\Programmierung\GIT\kurs1618\eclipse\plugins\org.junit.jupiter.migrationsupport_5.6.0.v20200203-2009.jar;C:\Daten\Daten Privat\Programmierung\GIT\kurs1618\eclipse\plugins\org.junit.jupiter.params_5.6.0.v20200203-2009.jar;C:\Daten\Daten Privat\Programmierung\GIT\kurs1618\eclipse\plugins\org.junit.platform.commons_1.6.0.v20200203-2009.jar;C:\Daten\Daten Privat\Programmierung\GIT\kurs1618\eclipse\plugins\org.junit.platform.engine_1.6.0.v20200203-2009.jar;C:\Daten\Daten Privat\Programmierung\GIT\kurs1618\eclipse\plugins\org.junit.platform.launcher_1.6.0.v20200203-2009.jar;C:\Daten\Daten Privat\Programmierung\GIT\kurs1618\eclipse\plugins\org.junit.platform.runner_1.6.0.v20200203-2009.jar;C:\Daten\Daten Privat\Programmierung\GIT\kurs1618\eclipse\plugins\org.junit.platform.suite.api_1.6.0.v20200203-2009.jar;C:\Daten\Daten Privat\Programmierung\GIT\kurs1618\eclipse\plugins\org.junit.vintage.engine_5.6.0.v20200203-2009.jar;C:\Daten\Daten Privat\Programmierung\GIT\kurs1618\eclipse\plugins\org.opentest4j_1.2.0.v20190826-0900.jar;C:\Daten\Daten Privat\Programmierung\GIT\kurs1618\eclipse\plugins\org.apiguardian_1.1.0.v20190826-0900.jar;C:\Daten\Daten Privat\Programmierung\GIT\kurs1618\eclipse\plugins\org.junit_4.13.0.v20200204-1500.jar;C:\Daten\Daten Privat\Programmierung\GIT\kurs1618\eclipse\plugins\org.hamcrest.core_1.3.0.v20180420-1519.jar;C:\Daten\Daten Privat\Programmierung\GIT\kurs1618\workspace\GameOfLife\bin;C:\Daten\Daten Privat\Programmierung\GIT\kurs1618\eclipse\configuration\org.eclipse.osgi\221\0\.cp;C:\Daten\Daten Privat\Programmierung\GIT\kurs1618\eclipse\configuration\org.eclipse.osgi\219\0\.cp
Launcher Type: SUN_STANDARD

Environment Variables:
JAVA_HOME=C:\Program Files\AdoptOpenJDK\jdk-11.0.8.10-hotspot\
PATH=C:\Program Files\AdoptOpenJDK\jdk-11.0.8.10-hotspot\bin;C:\Program Files (x86)\Common Files\Oracle\Java\javapath;C:\Windows\System32;C:\Windows;C:\Windows\System32\wbem;C:\Windows\System32\WindowsPowerShell\v1.0\;C:\Program Files (x86)\Skype\Phone\;C:\Programme\Multimedia\Calibre\;C:\Program Files\Dell\Dell Data Protection\Drivers\TSS\bin\;C:\Program Files (x86)\Common Files\Acronis\VirtualFile\;C:\Program Files (x86)\Common Files\Acronis\VirtualFile64\;C:\Program Files (x86)\Common Files\Acronis\SnapAPI\;C:\Program Files (x86)\Common Files\Acronis\FileProtector\;C:\Program Files (x86)\Common Files\Acronis\FileProtector64\;C:\Windows\System32\OpenSSH\;C:\Programme\Programmierung\Git\cmd;C:\Program Files (x86)\Windows Live\Shared;C:\Programme\Verwaltung\PuTTY\;C:\Program Files (x86)\GnuPG\bin;C:\Programme\Textverarbeitung\LyX\Perl\bin;C:\Programme\Programmierung\Anaconda;;C:\Program Files (x86)\Intel\Intel(R) Management Engine Components\DAL;C:\Program Files\Intel\Intel(R) Management Engine Components\DAL;C:\Program Files\Docker\Docker\resources\bin;C:\ProgramData\DockerDesktop\version-bin;C:\Users\Anne\AppData\Local\Microsoft\WindowsApps;C:\Users\Anne\AppData\Local\atom\bin;C:\Users\Anne\AppData\Local\Microsoft\WindowsApps;C:\Programme\Programmierung\Microsoft VS Code\bin;C:\Programme\Textverarbeitung\texlive\2019\bin\win32;C:\Programme\Programmierung\Anaconda;
USERNAME=Anne
OS=Windows_NT
PROCESSOR_IDENTIFIER=Intel64 Family 6 Model 158 Stepping 9, GenuineIntel



---------------  S Y S T E M  ---------------

OS: Windows 10.0 , 64 bit Build 19041 (10.0.19041.546)

CPU:total 4 (initial active 4) (4 cores per cpu, 1 threads per core) family 6 model 158 stepping 9, cmov, cx8, fxsr, mmx, sse, sse2, sse3, ssse3, sse4.1, sse4.2, popcnt, avx, avx2, aes, clmul, erms, rtm, 3dnowpref, lzcnt, tsc, tscinvbit, bmi1, bmi2, adx

Memory: 4k page, physical 16666520k(3160088k free), swap 23834520k(4116k free)

vm_info: OpenJDK 64-Bit Server VM (25.272-b10) for windows-amd64 JRE (1.8.0_272-b10), built on Oct 22 2020 18:52:21 by "jenkins" with MS VC++ 12.0 (VS2013)

time: Sat Nov 07 14:29:38 2020
timezone: Mitteleuropäische Zeit
elapsed time: 0.375084 seconds (0d 0h 0m 0s)

